<?xml version="1.0" encoding="UTF-8"?>
<testsuites name="jest tests" tests="7" failures="0" errors="0" time="0.282">
  <testsuite name="Teste do cálculo do décimo terceiro" errors="0" failures="0" skipped="0" timestamp="2026-05-05T18:20:50" time="0.12" tests="3">
    <testcase classname="Teste do cálculo do décimo terceiro Deve retornar erro ao inserir mês -1" name="Teste do cálculo do décimo terceiro Deve retornar erro ao inserir mês -1" time="0.004">
    </testcase>
    <testcase classname="Teste do cálculo do décimo terceiro Deve retornar erro ao inserir mês 0" name="Teste do cálculo do décimo terceiro Deve retornar erro ao inserir mês 0" time="0.001">
    </testcase>
    <testcase classname="Teste do cálculo do décimo terceiro Deve retornar cálculo do décimo terceiro válido ao inserir mês 2" name="Teste do cálculo do décimo terceiro Deve retornar cálculo do décimo terceiro válido ao inserir mês 2" time="0">
    </testcase>
  </testsuite>
  <testsuite name="Teste para ver se a API está no ar (Health)" errors="0" failures="0" skipped="0" timestamp="2026-05-05T18:20:50" time="0.092" tests="1">
    <testcase classname="Teste para ver se a API está no ar (Health) Deve retornar 200 para a chamada" name="Teste para ver se a API está no ar (Health) Deve retornar 200 para a chamada" time="0.009">
    </testcase>
  </testsuite>
  <testsuite name="Teste do cálculo do INSS" errors="0" failures="0" skipped="0" timestamp="2026-05-05T18:20:50" time="0.012" tests="3">
    <testcase classname="Teste do cálculo do INSS Deve retornar 0 quando salário bruto for menor que 0" name="Teste do cálculo do INSS Deve retornar 0 quando salário bruto for menor que 0" time="0">
    </testcase>
    <testcase classname="Teste do cálculo do INSS Deve retornar 0 quando salário bruto for 0" name="Teste do cálculo do INSS Deve retornar 0 quando salário bruto for 0" time="0">
    </testcase>
    <testcase classname="Teste do cálculo do INSS Deve calcular INSS quando salário bruto for um valor válido" name="Teste do cálculo do INSS Deve calcular INSS quando salário bruto for um valor válido" time="0.001">
    </testcase>
  </testsuite>
</testsuites>